nohup: ignoring input
Loaded 600 graphs for dataset ENZYMES
total graph num: 587, training set: 469
max number node: 125
max/min number edge: 149; 16
max previous node: 3
Epoch: 10/3000, train loss: 0.567077, graph type: grid, num_layer: 4, hidden: 128
Epoch: 20/3000, train loss: 0.482671, graph type: grid, num_layer: 4, hidden: 128
Epoch: 30/3000, train loss: 0.521059, graph type: grid, num_layer: 4, hidden: 128
Epoch: 40/3000, train loss: 0.483020, graph type: grid, num_layer: 4, hidden: 128
Epoch: 50/3000, train loss: 0.500032, graph type: grid, num_layer: 4, hidden: 128
Epoch: 60/3000, train loss: 0.459699, graph type: grid, num_layer: 4, hidden: 128
Epoch: 70/3000, train loss: 0.476190, graph type: grid, num_layer: 4, hidden: 128
Epoch: 80/3000, train loss: 0.448695, graph type: grid, num_layer: 4, hidden: 128
Epoch: 90/3000, train loss: 0.485756, graph type: grid, num_layer: 4, hidden: 128
Epoch: 100/3000, train loss: 0.451820, graph type: grid, num_layer: 4, hidden: 128
test done, graphs saved
Epoch: 110/3000, train loss: 0.440927, graph type: grid, num_layer: 4, hidden: 128
Epoch: 120/3000, train loss: 0.474532, graph type: grid, num_layer: 4, hidden: 128
Epoch: 130/3000, train loss: 0.482539, graph type: grid, num_layer: 4, hidden: 128
Epoch: 140/3000, train loss: 0.442482, graph type: grid, num_layer: 4, hidden: 128
Epoch: 150/3000, train loss: 0.450720, graph type: grid, num_layer: 4, hidden: 128
Epoch: 160/3000, train loss: 0.429652, graph type: grid, num_layer: 4, hidden: 128
Epoch: 170/3000, train loss: 0.467259, graph type: grid, num_layer: 4, hidden: 128
Epoch: 180/3000, train loss: 0.476460, graph type: grid, num_layer: 4, hidden: 128
Epoch: 190/3000, train loss: 0.464940, graph type: grid, num_layer: 4, hidden: 128
Epoch: 200/3000, train loss: 0.439695, graph type: grid, num_layer: 4, hidden: 128
test done, graphs saved
Epoch: 210/3000, train loss: 0.440809, graph type: grid, num_layer: 4, hidden: 128
Epoch: 220/3000, train loss: 0.419961, graph type: grid, num_layer: 4, hidden: 128
Epoch: 230/3000, train loss: 0.442872, graph type: grid, num_layer: 4, hidden: 128
Epoch: 240/3000, train loss: 0.443910, graph type: grid, num_layer: 4, hidden: 128
Epoch: 250/3000, train loss: 0.478961, graph type: grid, num_layer: 4, hidden: 128
Epoch: 260/3000, train loss: 0.519154, graph type: grid, num_layer: 4, hidden: 128
Epoch: 270/3000, train loss: 0.467240, graph type: grid, num_layer: 4, hidden: 128
Epoch: 280/3000, train loss: 0.450725, graph type: grid, num_layer: 4, hidden: 128
Epoch: 290/3000, train loss: 0.439742, graph type: grid, num_layer: 4, hidden: 128
Epoch: 300/3000, train loss: 0.443216, graph type: grid, num_layer: 4, hidden: 128
test done, graphs saved
Epoch: 310/3000, train loss: 0.459545, graph type: grid, num_layer: 4, hidden: 128
Epoch: 320/3000, train loss: 0.468783, graph type: grid, num_layer: 4, hidden: 128
Epoch: 330/3000, train loss: 0.399001, graph type: grid, num_layer: 4, hidden: 128
Epoch: 340/3000, train loss: 0.448782, graph type: grid, num_layer: 4, hidden: 128
Epoch: 350/3000, train loss: 0.464457, graph type: grid, num_layer: 4, hidden: 128
Epoch: 360/3000, train loss: 0.427934, graph type: grid, num_layer: 4, hidden: 128
Epoch: 370/3000, train loss: 0.431590, graph type: grid, num_layer: 4, hidden: 128
Epoch: 380/3000, train loss: 0.445918, graph type: grid, num_layer: 4, hidden: 128
Epoch: 390/3000, train loss: 0.457468, graph type: grid, num_layer: 4, hidden: 128
Epoch: 400/3000, train loss: 0.488078, graph type: grid, num_layer: 4, hidden: 128
test done, graphs saved
Epoch: 410/3000, train loss: 0.514941, graph type: grid, num_layer: 4, hidden: 128
Epoch: 420/3000, train loss: 0.415200, graph type: grid, num_layer: 4, hidden: 128
Epoch: 430/3000, train loss: 0.477170, graph type: grid, num_layer: 4, hidden: 128
Epoch: 440/3000, train loss: 0.471431, graph type: grid, num_layer: 4, hidden: 128
Epoch: 450/3000, train loss: 0.471034, graph type: grid, num_layer: 4, hidden: 128
Epoch: 460/3000, train loss: 0.445988, graph type: grid, num_layer: 4, hidden: 128
Epoch: 470/3000, train loss: 0.496871, graph type: grid, num_layer: 4, hidden: 128
Epoch: 480/3000, train loss: 0.492658, graph type: grid, num_layer: 4, hidden: 128
Epoch: 490/3000, train loss: 0.437242, graph type: grid, num_layer: 4, hidden: 128
Epoch: 500/3000, train loss: 0.414463, graph type: grid, num_layer: 4, hidden: 128
test done, graphs saved
Epoch: 510/3000, train loss: 0.434934, graph type: grid, num_layer: 4, hidden: 128
Epoch: 520/3000, train loss: 0.432399, graph type: grid, num_layer: 4, hidden: 128
Epoch: 530/3000, train loss: 0.393237, graph type: grid, num_layer: 4, hidden: 128
Epoch: 540/3000, train loss: 0.475959, graph type: grid, num_layer: 4, hidden: 128
Epoch: 550/3000, train loss: 0.465933, graph type: grid, num_layer: 4, hidden: 128
Epoch: 560/3000, train loss: 0.484952, graph type: grid, num_layer: 4, hidden: 128
Epoch: 570/3000, train loss: 0.431570, graph type: grid, num_layer: 4, hidden: 128
Epoch: 580/3000, train loss: 0.470383, graph type: grid, num_layer: 4, hidden: 128
Epoch: 590/3000, train loss: 0.439388, graph type: grid, num_layer: 4, hidden: 128
Epoch: 600/3000, train loss: 0.412945, graph type: grid, num_layer: 4, hidden: 128
test done, graphs saved
Epoch: 610/3000, train loss: 0.471430, graph type: grid, num_layer: 4, hidden: 128
Epoch: 620/3000, train loss: 0.493170, graph type: grid, num_layer: 4, hidden: 128
Epoch: 630/3000, train loss: 0.459355, graph type: grid, num_layer: 4, hidden: 128
Epoch: 640/3000, train loss: 0.505914, graph type: grid, num_layer: 4, hidden: 128
Epoch: 650/3000, train loss: 0.434238, graph type: grid, num_layer: 4, hidden: 128
Epoch: 660/3000, train loss: 0.412528, graph type: grid, num_layer: 4, hidden: 128
Epoch: 670/3000, train loss: 0.505450, graph type: grid, num_layer: 4, hidden: 128
Epoch: 680/3000, train loss: 0.465701, graph type: grid, num_layer: 4, hidden: 128
Epoch: 690/3000, train loss: 0.401536, graph type: grid, num_layer: 4, hidden: 128
Epoch: 700/3000, train loss: 0.455539, graph type: grid, num_layer: 4, hidden: 128
test done, graphs saved
Epoch: 710/3000, train loss: 0.452600, graph type: grid, num_layer: 4, hidden: 128
Epoch: 720/3000, train loss: 0.442811, graph type: grid, num_layer: 4, hidden: 128
Epoch: 730/3000, train loss: 0.462164, graph type: grid, num_layer: 4, hidden: 128
Epoch: 740/3000, train loss: 0.427726, graph type: grid, num_layer: 4, hidden: 128
Epoch: 750/3000, train loss: 0.457843, graph type: grid, num_layer: 4, hidden: 128
Epoch: 760/3000, train loss: 0.423366, graph type: grid, num_layer: 4, hidden: 128
Epoch: 770/3000, train loss: 0.467475, graph type: grid, num_layer: 4, hidden: 128
Epoch: 780/3000, train loss: 0.438752, graph type: grid, num_layer: 4, hidden: 128
Epoch: 790/3000, train loss: 0.461427, graph type: grid, num_layer: 4, hidden: 128
Epoch: 800/3000, train loss: 0.366388, graph type: grid, num_layer: 4, hidden: 128
test done, graphs saved
Epoch: 810/3000, train loss: 0.468751, graph type: grid, num_layer: 4, hidden: 128
Epoch: 820/3000, train loss: 0.449726, graph type: grid, num_layer: 4, hidden: 128
Epoch: 830/3000, train loss: 0.417678, graph type: grid, num_layer: 4, hidden: 128
Epoch: 840/3000, train loss: 0.411993, graph type: grid, num_layer: 4, hidden: 128
Epoch: 850/3000, train loss: 0.411416, graph type: grid, num_layer: 4, hidden: 128
Epoch: 860/3000, train loss: 0.475839, graph type: grid, num_layer: 4, hidden: 128
Epoch: 870/3000, train loss: 0.444726, graph type: grid, num_layer: 4, hidden: 128
Epoch: 880/3000, train loss: 0.466200, graph type: grid, num_layer: 4, hidden: 128
Epoch: 890/3000, train loss: 0.444570, graph type: grid, num_layer: 4, hidden: 128
Epoch: 900/3000, train loss: 0.452464, graph type: grid, num_layer: 4, hidden: 128
test done, graphs saved
Epoch: 910/3000, train loss: 0.461067, graph type: grid, num_layer: 4, hidden: 128
Epoch: 920/3000, train loss: 0.434547, graph type: grid, num_layer: 4, hidden: 128
Epoch: 930/3000, train loss: 0.439304, graph type: grid, num_layer: 4, hidden: 128
Epoch: 940/3000, train loss: 0.431994, graph type: grid, num_layer: 4, hidden: 128
Epoch: 950/3000, train loss: 0.439329, graph type: grid, num_layer: 4, hidden: 128
Epoch: 960/3000, train loss: 0.468320, graph type: grid, num_layer: 4, hidden: 128
Epoch: 970/3000, train loss: 0.456590, graph type: grid, num_layer: 4, hidden: 128
Epoch: 980/3000, train loss: 0.452922, graph type: grid, num_layer: 4, hidden: 128
Epoch: 990/3000, train loss: 0.375081, graph type: grid, num_layer: 4, hidden: 128
Epoch: 1000/3000, train loss: 0.425131, graph type: grid, num_layer: 4, hidden: 128
test done, graphs saved
Epoch: 1010/3000, train loss: 0.489752, graph type: grid, num_layer: 4, hidden: 128
Epoch: 1020/3000, train loss: 0.438822, graph type: grid, num_layer: 4, hidden: 128
Epoch: 1030/3000, train loss: 0.451942, graph type: grid, num_layer: 4, hidden: 128
Epoch: 1040/3000, train loss: 0.442582, graph type: grid, num_layer: 4, hidden: 128
Epoch: 1050/3000, train loss: 0.408812, graph type: grid, num_layer: 4, hidden: 128
Epoch: 1060/3000, train loss: 0.437103, graph type: grid, num_layer: 4, hidden: 128
Epoch: 1070/3000, train loss: 0.448858, graph type: grid, num_layer: 4, hidden: 128
Epoch: 1080/3000, train loss: 0.482341, graph type: grid, num_layer: 4, hidden: 128
Epoch: 1090/3000, train loss: 0.443418, graph type: grid, num_layer: 4, hidden: 128
Epoch: 1100/3000, train loss: 0.437222, graph type: grid, num_layer: 4, hidden: 128
test done, graphs saved
Epoch: 1110/3000, train loss: 0.431657, graph type: grid, num_layer: 4, hidden: 128
Epoch: 1120/3000, train loss: 0.443845, graph type: grid, num_layer: 4, hidden: 128
Epoch: 1130/3000, train loss: 0.454196, graph type: grid, num_layer: 4, hidden: 128
Epoch: 1140/3000, train loss: 0.422545, graph type: grid, num_layer: 4, hidden: 128
Epoch: 1150/3000, train loss: 0.437383, graph type: grid, num_layer: 4, hidden: 128
Epoch: 1160/3000, train loss: 0.437549, graph type: grid, num_layer: 4, hidden: 128
Epoch: 1170/3000, train loss: 0.430316, graph type: grid, num_layer: 4, hidden: 128
Epoch: 1180/3000, train loss: 0.453710, graph type: grid, num_layer: 4, hidden: 128
Epoch: 1190/3000, train loss: 0.436184, graph type: grid, num_layer: 4, hidden: 128
Epoch: 1200/3000, train loss: 0.457838, graph type: grid, num_layer: 4, hidden: 128
test done, graphs saved
Epoch: 1210/3000, train loss: 0.455829, graph type: grid, num_layer: 4, hidden: 128
Epoch: 1220/3000, train loss: 0.480148, graph type: grid, num_layer: 4, hidden: 128
Epoch: 1230/3000, train loss: 0.423404, graph type: grid, num_layer: 4, hidden: 128
Epoch: 1240/3000, train loss: 0.445279, graph type: grid, num_layer: 4, hidden: 128
Epoch: 1250/3000, train loss: 0.442168, graph type: grid, num_layer: 4, hidden: 128
Epoch: 1260/3000, train loss: 0.431948, graph type: grid, num_layer: 4, hidden: 128
Epoch: 1270/3000, train loss: 0.437101, graph type: grid, num_layer: 4, hidden: 128
Epoch: 1280/3000, train loss: 0.465272, graph type: grid, num_layer: 4, hidden: 128
Epoch: 1290/3000, train loss: 0.447362, graph type: grid, num_layer: 4, hidden: 128
Epoch: 1300/3000, train loss: 0.434677, graph type: grid, num_layer: 4, hidden: 128
test done, graphs saved
Epoch: 1310/3000, train loss: 0.431825, graph type: grid, num_layer: 4, hidden: 128
Epoch: 1320/3000, train loss: 0.404321, graph type: grid, num_layer: 4, hidden: 128
Epoch: 1330/3000, train loss: 0.439822, graph type: grid, num_layer: 4, hidden: 128
Epoch: 1340/3000, train loss: 0.444616, graph type: grid, num_layer: 4, hidden: 128
Epoch: 1350/3000, train loss: 0.438926, graph type: grid, num_layer: 4, hidden: 128
Epoch: 1360/3000, train loss: 0.447237, graph type: grid, num_layer: 4, hidden: 128
Epoch: 1370/3000, train loss: 0.419179, graph type: grid, num_layer: 4, hidden: 128
Epoch: 1380/3000, train loss: 0.434023, graph type: grid, num_layer: 4, hidden: 128
Epoch: 1390/3000, train loss: 0.391674, graph type: grid, num_layer: 4, hidden: 128
Epoch: 1400/3000, train loss: 0.388097, graph type: grid, num_layer: 4, hidden: 128
test done, graphs saved
Epoch: 1410/3000, train loss: 0.435137, graph type: grid, num_layer: 4, hidden: 128
Epoch: 1420/3000, train loss: 0.451337, graph type: grid, num_layer: 4, hidden: 128
Epoch: 1430/3000, train loss: 0.434371, graph type: grid, num_layer: 4, hidden: 128
Epoch: 1440/3000, train loss: 0.374018, graph type: grid, num_layer: 4, hidden: 128
Epoch: 1450/3000, train loss: 0.407522, graph type: grid, num_layer: 4, hidden: 128
Epoch: 1460/3000, train loss: 0.434510, graph type: grid, num_layer: 4, hidden: 128
Epoch: 1470/3000, train loss: 0.468800, graph type: grid, num_layer: 4, hidden: 128
Epoch: 1480/3000, train loss: 0.363575, graph type: grid, num_layer: 4, hidden: 128
Epoch: 1490/3000, train loss: 0.407014, graph type: grid, num_layer: 4, hidden: 128
Epoch: 1500/3000, train loss: 0.489357, graph type: grid, num_layer: 4, hidden: 128
test done, graphs saved
Epoch: 1510/3000, train loss: 0.419047, graph type: grid, num_layer: 4, hidden: 128
Epoch: 1520/3000, train loss: 0.445512, graph type: grid, num_layer: 4, hidden: 128
Epoch: 1530/3000, train loss: 0.361375, graph type: grid, num_layer: 4, hidden: 128
Epoch: 1540/3000, train loss: 0.451177, graph type: grid, num_layer: 4, hidden: 128
Epoch: 1550/3000, train loss: 0.444808, graph type: grid, num_layer: 4, hidden: 128
Epoch: 1560/3000, train loss: 0.394458, graph type: grid, num_layer: 4, hidden: 128
Epoch: 1570/3000, train loss: 0.445866, graph type: grid, num_layer: 4, hidden: 128
Epoch: 1580/3000, train loss: 0.424668, graph type: grid, num_layer: 4, hidden: 128
Epoch: 1590/3000, train loss: 0.408126, graph type: grid, num_layer: 4, hidden: 128
Epoch: 1600/3000, train loss: 0.426333, graph type: grid, num_layer: 4, hidden: 128
test done, graphs saved
Epoch: 1610/3000, train loss: 0.439807, graph type: grid, num_layer: 4, hidden: 128
Epoch: 1620/3000, train loss: 0.415684, graph type: grid, num_layer: 4, hidden: 128
Epoch: 1630/3000, train loss: 0.434095, graph type: grid, num_layer: 4, hidden: 128
Epoch: 1640/3000, train loss: 0.410166, graph type: grid, num_layer: 4, hidden: 128
Epoch: 1650/3000, train loss: 0.424707, graph type: grid, num_layer: 4, hidden: 128
Epoch: 1660/3000, train loss: 0.458319, graph type: grid, num_layer: 4, hidden: 128
Epoch: 1670/3000, train loss: 0.382653, graph type: grid, num_layer: 4, hidden: 128
Epoch: 1680/3000, train loss: 0.432397, graph type: grid, num_layer: 4, hidden: 128
Epoch: 1690/3000, train loss: 0.425457, graph type: grid, num_layer: 4, hidden: 128
Epoch: 1700/3000, train loss: 0.428645, graph type: grid, num_layer: 4, hidden: 128
test done, graphs saved
Epoch: 1710/3000, train loss: 0.417724, graph type: grid, num_layer: 4, hidden: 128
Epoch: 1720/3000, train loss: 0.420829, graph type: grid, num_layer: 4, hidden: 128
Epoch: 1730/3000, train loss: 0.439643, graph type: grid, num_layer: 4, hidden: 128
Epoch: 1740/3000, train loss: 0.436939, graph type: grid, num_layer: 4, hidden: 128
Epoch: 1750/3000, train loss: 0.452135, graph type: grid, num_layer: 4, hidden: 128
Epoch: 1760/3000, train loss: 0.401816, graph type: grid, num_layer: 4, hidden: 128
Epoch: 1770/3000, train loss: 0.399869, graph type: grid, num_layer: 4, hidden: 128
Epoch: 1780/3000, train loss: 0.436316, graph type: grid, num_layer: 4, hidden: 128
Epoch: 1790/3000, train loss: 0.407901, graph type: grid, num_layer: 4, hidden: 128
Epoch: 1800/3000, train loss: 0.425873, graph type: grid, num_layer: 4, hidden: 128
test done, graphs saved
Epoch: 1810/3000, train loss: 0.379981, graph type: grid, num_layer: 4, hidden: 128
Epoch: 1820/3000, train loss: 0.430188, graph type: grid, num_layer: 4, hidden: 128
Epoch: 1830/3000, train loss: 0.428011, graph type: grid, num_layer: 4, hidden: 128
Epoch: 1840/3000, train loss: 0.422937, graph type: grid, num_layer: 4, hidden: 128
Epoch: 1850/3000, train loss: 0.384627, graph type: grid, num_layer: 4, hidden: 128
Epoch: 1860/3000, train loss: 0.380843, graph type: grid, num_layer: 4, hidden: 128
Epoch: 1870/3000, train loss: 0.450039, graph type: grid, num_layer: 4, hidden: 128
Epoch: 1880/3000, train loss: 0.440626, graph type: grid, num_layer: 4, hidden: 128
Epoch: 1890/3000, train loss: 0.434612, graph type: grid, num_layer: 4, hidden: 128
Epoch: 1900/3000, train loss: 0.421788, graph type: grid, num_layer: 4, hidden: 128
test done, graphs saved
Epoch: 1910/3000, train loss: 0.420397, graph type: grid, num_layer: 4, hidden: 128
Epoch: 1920/3000, train loss: 0.433808, graph type: grid, num_layer: 4, hidden: 128
Epoch: 1930/3000, train loss: 0.378261, graph type: grid, num_layer: 4, hidden: 128
Epoch: 1940/3000, train loss: 0.408447, graph type: grid, num_layer: 4, hidden: 128
Epoch: 1950/3000, train loss: 0.365427, graph type: grid, num_layer: 4, hidden: 128
Epoch: 1960/3000, train loss: 0.448788, graph type: grid, num_layer: 4, hidden: 128
Epoch: 1970/3000, train loss: 0.440352, graph type: grid, num_layer: 4, hidden: 128
Epoch: 1980/3000, train loss: 0.379896, graph type: grid, num_layer: 4, hidden: 128
Epoch: 1990/3000, train loss: 0.424755, graph type: grid, num_layer: 4, hidden: 128
Epoch: 2000/3000, train loss: 0.359893, graph type: grid, num_layer: 4, hidden: 128
test done, graphs saved
Epoch: 2010/3000, train loss: 0.424636, graph type: grid, num_layer: 4, hidden: 128
Epoch: 2020/3000, train loss: 0.394141, graph type: grid, num_layer: 4, hidden: 128
Epoch: 2030/3000, train loss: 0.370007, graph type: grid, num_layer: 4, hidden: 128
Epoch: 2040/3000, train loss: 0.431227, graph type: grid, num_layer: 4, hidden: 128
Epoch: 2050/3000, train loss: 0.434543, graph type: grid, num_layer: 4, hidden: 128
Epoch: 2060/3000, train loss: 0.424611, graph type: grid, num_layer: 4, hidden: 128
Epoch: 2070/3000, train loss: 0.425788, graph type: grid, num_layer: 4, hidden: 128
Epoch: 2080/3000, train loss: 0.366553, graph type: grid, num_layer: 4, hidden: 128
Epoch: 2090/3000, train loss: 0.399374, graph type: grid, num_layer: 4, hidden: 128
Epoch: 2100/3000, train loss: 0.415166, graph type: grid, num_layer: 4, hidden: 128
test done, graphs saved
Epoch: 2110/3000, train loss: 0.440352, graph type: grid, num_layer: 4, hidden: 128
Epoch: 2120/3000, train loss: 0.402886, graph type: grid, num_layer: 4, hidden: 128
Epoch: 2130/3000, train loss: 0.418832, graph type: grid, num_layer: 4, hidden: 128
Epoch: 2140/3000, train loss: 0.390055, graph type: grid, num_layer: 4, hidden: 128
Epoch: 2150/3000, train loss: 0.431965, graph type: grid, num_layer: 4, hidden: 128
Epoch: 2160/3000, train loss: 0.381370, graph type: grid, num_layer: 4, hidden: 128
Epoch: 2170/3000, train loss: 0.420707, graph type: grid, num_layer: 4, hidden: 128
Epoch: 2180/3000, train loss: 0.449931, graph type: grid, num_layer: 4, hidden: 128
Epoch: 2190/3000, train loss: 0.427990, graph type: grid, num_layer: 4, hidden: 128
Epoch: 2200/3000, train loss: 0.393694, graph type: grid, num_layer: 4, hidden: 128
test done, graphs saved
Epoch: 2210/3000, train loss: 0.395785, graph type: grid, num_layer: 4, hidden: 128
Epoch: 2220/3000, train loss: 0.425523, graph type: grid, num_layer: 4, hidden: 128
Epoch: 2230/3000, train loss: 0.394379, graph type: grid, num_layer: 4, hidden: 128
Epoch: 2240/3000, train loss: 0.421385, graph type: grid, num_layer: 4, hidden: 128
Epoch: 2250/3000, train loss: 0.422114, graph type: grid, num_layer: 4, hidden: 128
Epoch: 2260/3000, train loss: 0.403620, graph type: grid, num_layer: 4, hidden: 128
Epoch: 2270/3000, train loss: 0.427594, graph type: grid, num_layer: 4, hidden: 128
Epoch: 2280/3000, train loss: 0.425886, graph type: grid, num_layer: 4, hidden: 128
Epoch: 2290/3000, train loss: 0.410377, graph type: grid, num_layer: 4, hidden: 128
Epoch: 2300/3000, train loss: 0.369737, graph type: grid, num_layer: 4, hidden: 128
test done, graphs saved
Epoch: 2310/3000, train loss: 0.399429, graph type: grid, num_layer: 4, hidden: 128
Epoch: 2320/3000, train loss: 0.443594, graph type: grid, num_layer: 4, hidden: 128
Epoch: 2330/3000, train loss: 0.418486, graph type: grid, num_layer: 4, hidden: 128
Epoch: 2340/3000, train loss: 0.392607, graph type: grid, num_layer: 4, hidden: 128
Epoch: 2350/3000, train loss: 0.422378, graph type: grid, num_layer: 4, hidden: 128
Epoch: 2360/3000, train loss: 0.445442, graph type: grid, num_layer: 4, hidden: 128
Epoch: 2370/3000, train loss: 0.453919, graph type: grid, num_layer: 4, hidden: 128
Epoch: 2380/3000, train loss: 0.410111, graph type: grid, num_layer: 4, hidden: 128
Epoch: 2390/3000, train loss: 0.409381, graph type: grid, num_layer: 4, hidden: 128
Epoch: 2400/3000, train loss: 0.434745, graph type: grid, num_layer: 4, hidden: 128
test done, graphs saved
Epoch: 2410/3000, train loss: 0.407799, graph type: grid, num_layer: 4, hidden: 128
Epoch: 2420/3000, train loss: 0.387868, graph type: grid, num_layer: 4, hidden: 128
Epoch: 2430/3000, train loss: 0.439179, graph type: grid, num_layer: 4, hidden: 128
Epoch: 2440/3000, train loss: 0.399797, graph type: grid, num_layer: 4, hidden: 128
Epoch: 2450/3000, train loss: 0.402902, graph type: grid, num_layer: 4, hidden: 128
Epoch: 2460/3000, train loss: 0.426777, graph type: grid, num_layer: 4, hidden: 128
Epoch: 2470/3000, train loss: 0.402624, graph type: grid, num_layer: 4, hidden: 128
Epoch: 2480/3000, train loss: 0.442324, graph type: grid, num_layer: 4, hidden: 128
Epoch: 2490/3000, train loss: 0.446780, graph type: grid, num_layer: 4, hidden: 128
Epoch: 2500/3000, train loss: 0.417187, graph type: grid, num_layer: 4, hidden: 128
test done, graphs saved
Epoch: 2510/3000, train loss: 0.379311, graph type: grid, num_layer: 4, hidden: 128
Epoch: 2520/3000, train loss: 0.397907, graph type: grid, num_layer: 4, hidden: 128
Epoch: 2530/3000, train loss: 0.412631, graph type: grid, num_layer: 4, hidden: 128
Epoch: 2540/3000, train loss: 0.397428, graph type: grid, num_layer: 4, hidden: 128
Epoch: 2550/3000, train loss: 0.408199, graph type: grid, num_layer: 4, hidden: 128
Epoch: 2560/3000, train loss: 0.454194, graph type: grid, num_layer: 4, hidden: 128
Epoch: 2570/3000, train loss: 0.368521, graph type: grid, num_layer: 4, hidden: 128
Epoch: 2580/3000, train loss: 0.410938, graph type: grid, num_layer: 4, hidden: 128
Epoch: 2590/3000, train loss: 0.417302, graph type: grid, num_layer: 4, hidden: 128
Epoch: 2600/3000, train loss: 0.414670, graph type: grid, num_layer: 4, hidden: 128
test done, graphs saved
Epoch: 2610/3000, train loss: 0.415263, graph type: grid, num_layer: 4, hidden: 128
Epoch: 2620/3000, train loss: 0.383238, graph type: grid, num_layer: 4, hidden: 128
Epoch: 2630/3000, train loss: 0.430628, graph type: grid, num_layer: 4, hidden: 128
Epoch: 2640/3000, train loss: 0.410437, graph type: grid, num_layer: 4, hidden: 128
Epoch: 2650/3000, train loss: 0.439332, graph type: grid, num_layer: 4, hidden: 128
Epoch: 2660/3000, train loss: 0.384825, graph type: grid, num_layer: 4, hidden: 128
Epoch: 2670/3000, train loss: 0.434523, graph type: grid, num_layer: 4, hidden: 128
Epoch: 2680/3000, train loss: 0.404548, graph type: grid, num_layer: 4, hidden: 128
Epoch: 2690/3000, train loss: 0.398969, graph type: grid, num_layer: 4, hidden: 128
Epoch: 2700/3000, train loss: 0.390985, graph type: grid, num_layer: 4, hidden: 128
test done, graphs saved
Epoch: 2710/3000, train loss: 0.412159, graph type: grid, num_layer: 4, hidden: 128
Epoch: 2720/3000, train loss: 0.403864, graph type: grid, num_layer: 4, hidden: 128
Epoch: 2730/3000, train loss: 0.383516, graph type: grid, num_layer: 4, hidden: 128
Epoch: 2740/3000, train loss: 0.446654, graph type: grid, num_layer: 4, hidden: 128
Epoch: 2750/3000, train loss: 0.377020, graph type: grid, num_layer: 4, hidden: 128
Epoch: 2760/3000, train loss: 0.422503, graph type: grid, num_layer: 4, hidden: 128
Epoch: 2770/3000, train loss: 0.414405, graph type: grid, num_layer: 4, hidden: 128
Epoch: 2780/3000, train loss: 0.397391, graph type: grid, num_layer: 4, hidden: 128
Epoch: 2790/3000, train loss: 0.424241, graph type: grid, num_layer: 4, hidden: 128
Epoch: 2800/3000, train loss: 0.408515, graph type: grid, num_layer: 4, hidden: 128
test done, graphs saved
Epoch: 2810/3000, train loss: 0.424154, graph type: grid, num_layer: 4, hidden: 128
Epoch: 2820/3000, train loss: 0.422266, graph type: grid, num_layer: 4, hidden: 128
Epoch: 2830/3000, train loss: 0.428880, graph type: grid, num_layer: 4, hidden: 128
Epoch: 2840/3000, train loss: 0.401780, graph type: grid, num_layer: 4, hidden: 128
Epoch: 2850/3000, train loss: 0.418895, graph type: grid, num_layer: 4, hidden: 128
Epoch: 2860/3000, train loss: 0.393890, graph type: grid, num_layer: 4, hidden: 128
Epoch: 2870/3000, train loss: 0.437243, graph type: grid, num_layer: 4, hidden: 128
Epoch: 2880/3000, train loss: 0.431979, graph type: grid, num_layer: 4, hidden: 128
Epoch: 2890/3000, train loss: 0.403641, graph type: grid, num_layer: 4, hidden: 128
Epoch: 2900/3000, train loss: 0.369565, graph type: grid, num_layer: 4, hidden: 128
test done, graphs saved
Epoch: 2910/3000, train loss: 0.405250, graph type: grid, num_layer: 4, hidden: 128
Epoch: 2920/3000, train loss: 0.405982, graph type: grid, num_layer: 4, hidden: 128
Epoch: 2930/3000, train loss: 0.388149, graph type: grid, num_layer: 4, hidden: 128
Epoch: 2940/3000, train loss: 0.382490, graph type: grid, num_layer: 4, hidden: 128
Epoch: 2950/3000, train loss: 0.378546, graph type: grid, num_layer: 4, hidden: 128
Epoch: 2960/3000, train loss: 0.434536, graph type: grid, num_layer: 4, hidden: 128
Epoch: 2970/3000, train loss: 0.434894, graph type: grid, num_layer: 4, hidden: 128
Epoch: 2980/3000, train loss: 0.409081, graph type: grid, num_layer: 4, hidden: 128
Epoch: 2990/3000, train loss: 0.426054, graph type: grid, num_layer: 4, hidden: 128
Epoch: 3000/3000, train loss: 0.404080, graph type: grid, num_layer: 4, hidden: 128
test done, graphs saved
