nohup: ignoring input
Loaded 600 graphs for dataset ENZYMES
total graph num: 587, training set: 469
max number node: 125
max/min number edge: 149; 16
max previous node: 25
Epoch: 10/3000, train loss: 0.080417, graph type: grid, num_layer: 4, hidden: 128
Epoch: 20/3000, train loss: 0.040076, graph type: grid, num_layer: 4, hidden: 128
Epoch: 30/3000, train loss: 0.027815, graph type: grid, num_layer: 4, hidden: 128
Epoch: 40/3000, train loss: 0.059010, graph type: grid, num_layer: 4, hidden: 128
Epoch: 50/3000, train loss: 0.073457, graph type: grid, num_layer: 4, hidden: 128
Epoch: 60/3000, train loss: 0.065353, graph type: grid, num_layer: 4, hidden: 128
Epoch: 70/3000, train loss: 0.045748, graph type: grid, num_layer: 4, hidden: 128
Epoch: 80/3000, train loss: 0.060457, graph type: grid, num_layer: 4, hidden: 128
Epoch: 90/3000, train loss: 0.038049, graph type: grid, num_layer: 4, hidden: 128
Epoch: 100/3000, train loss: 0.032885, graph type: grid, num_layer: 4, hidden: 128
test done, graphs saved
Epoch: 110/3000, train loss: 0.058115, graph type: grid, num_layer: 4, hidden: 128
Epoch: 120/3000, train loss: 0.055398, graph type: grid, num_layer: 4, hidden: 128
Epoch: 130/3000, train loss: 0.057798, graph type: grid, num_layer: 4, hidden: 128
Epoch: 140/3000, train loss: 0.049170, graph type: grid, num_layer: 4, hidden: 128
Epoch: 150/3000, train loss: 0.060714, graph type: grid, num_layer: 4, hidden: 128
Epoch: 160/3000, train loss: 0.057267, graph type: grid, num_layer: 4, hidden: 128
Epoch: 170/3000, train loss: 0.031106, graph type: grid, num_layer: 4, hidden: 128
Epoch: 180/3000, train loss: 0.059067, graph type: grid, num_layer: 4, hidden: 128
Epoch: 190/3000, train loss: 0.026570, graph type: grid, num_layer: 4, hidden: 128
Epoch: 200/3000, train loss: 0.060299, graph type: grid, num_layer: 4, hidden: 128
test done, graphs saved
Epoch: 210/3000, train loss: 0.028400, graph type: grid, num_layer: 4, hidden: 128
Epoch: 220/3000, train loss: 0.032528, graph type: grid, num_layer: 4, hidden: 128
Epoch: 230/3000, train loss: 0.030024, graph type: grid, num_layer: 4, hidden: 128
Epoch: 240/3000, train loss: 0.068218, graph type: grid, num_layer: 4, hidden: 128
Epoch: 250/3000, train loss: 0.061600, graph type: grid, num_layer: 4, hidden: 128
Epoch: 260/3000, train loss: 0.062603, graph type: grid, num_layer: 4, hidden: 128
Epoch: 270/3000, train loss: 0.057161, graph type: grid, num_layer: 4, hidden: 128
Epoch: 280/3000, train loss: 0.033987, graph type: grid, num_layer: 4, hidden: 128
Epoch: 290/3000, train loss: 0.067240, graph type: grid, num_layer: 4, hidden: 128
Epoch: 300/3000, train loss: 0.040683, graph type: grid, num_layer: 4, hidden: 128
test done, graphs saved
Epoch: 310/3000, train loss: 0.059828, graph type: grid, num_layer: 4, hidden: 128
Epoch: 320/3000, train loss: 0.066632, graph type: grid, num_layer: 4, hidden: 128
Epoch: 330/3000, train loss: 0.065537, graph type: grid, num_layer: 4, hidden: 128
Epoch: 340/3000, train loss: 0.062172, graph type: grid, num_layer: 4, hidden: 128
Epoch: 350/3000, train loss: 0.059781, graph type: grid, num_layer: 4, hidden: 128
Epoch: 360/3000, train loss: 0.071498, graph type: grid, num_layer: 4, hidden: 128
Epoch: 370/3000, train loss: 0.054401, graph type: grid, num_layer: 4, hidden: 128
Epoch: 380/3000, train loss: 0.054618, graph type: grid, num_layer: 4, hidden: 128
Epoch: 390/3000, train loss: 0.047734, graph type: grid, num_layer: 4, hidden: 128
Epoch: 400/3000, train loss: 0.031341, graph type: grid, num_layer: 4, hidden: 128
test done, graphs saved
Epoch: 410/3000, train loss: 0.076094, graph type: grid, num_layer: 4, hidden: 128
Epoch: 420/3000, train loss: 0.060787, graph type: grid, num_layer: 4, hidden: 128
Epoch: 430/3000, train loss: 0.059001, graph type: grid, num_layer: 4, hidden: 128
Epoch: 440/3000, train loss: 0.050231, graph type: grid, num_layer: 4, hidden: 128
Epoch: 450/3000, train loss: 0.046643, graph type: grid, num_layer: 4, hidden: 128
Epoch: 460/3000, train loss: 0.064680, graph type: grid, num_layer: 4, hidden: 128
Epoch: 470/3000, train loss: 0.026622, graph type: grid, num_layer: 4, hidden: 128
Epoch: 480/3000, train loss: 0.071772, graph type: grid, num_layer: 4, hidden: 128
Epoch: 490/3000, train loss: 0.067969, graph type: grid, num_layer: 4, hidden: 128
Epoch: 500/3000, train loss: 0.062790, graph type: grid, num_layer: 4, hidden: 128
test done, graphs saved
Epoch: 510/3000, train loss: 0.026564, graph type: grid, num_layer: 4, hidden: 128
Epoch: 520/3000, train loss: 0.044734, graph type: grid, num_layer: 4, hidden: 128
Epoch: 530/3000, train loss: 0.066860, graph type: grid, num_layer: 4, hidden: 128
Epoch: 540/3000, train loss: 0.036723, graph type: grid, num_layer: 4, hidden: 128
Epoch: 550/3000, train loss: 0.038983, graph type: grid, num_layer: 4, hidden: 128
Epoch: 560/3000, train loss: 0.067753, graph type: grid, num_layer: 4, hidden: 128
Epoch: 570/3000, train loss: 0.056252, graph type: grid, num_layer: 4, hidden: 128
Epoch: 580/3000, train loss: 0.051639, graph type: grid, num_layer: 4, hidden: 128
Epoch: 590/3000, train loss: 0.073307, graph type: grid, num_layer: 4, hidden: 128
Epoch: 600/3000, train loss: 0.055912, graph type: grid, num_layer: 4, hidden: 128
test done, graphs saved
Epoch: 610/3000, train loss: 0.026004, graph type: grid, num_layer: 4, hidden: 128
Epoch: 620/3000, train loss: 0.027873, graph type: grid, num_layer: 4, hidden: 128
Epoch: 630/3000, train loss: 0.050447, graph type: grid, num_layer: 4, hidden: 128
Epoch: 640/3000, train loss: 0.035530, graph type: grid, num_layer: 4, hidden: 128
Epoch: 650/3000, train loss: 0.031882, graph type: grid, num_layer: 4, hidden: 128
Epoch: 660/3000, train loss: 0.062697, graph type: grid, num_layer: 4, hidden: 128
Epoch: 670/3000, train loss: 0.048070, graph type: grid, num_layer: 4, hidden: 128
Epoch: 680/3000, train loss: 0.054562, graph type: grid, num_layer: 4, hidden: 128
Epoch: 690/3000, train loss: 0.056949, graph type: grid, num_layer: 4, hidden: 128
Epoch: 700/3000, train loss: 0.039296, graph type: grid, num_layer: 4, hidden: 128
test done, graphs saved
Epoch: 710/3000, train loss: 0.062876, graph type: grid, num_layer: 4, hidden: 128
Epoch: 720/3000, train loss: 0.050875, graph type: grid, num_layer: 4, hidden: 128
Epoch: 730/3000, train loss: 0.056965, graph type: grid, num_layer: 4, hidden: 128
Epoch: 740/3000, train loss: 0.044829, graph type: grid, num_layer: 4, hidden: 128
Epoch: 750/3000, train loss: 0.066879, graph type: grid, num_layer: 4, hidden: 128
Epoch: 760/3000, train loss: 0.056105, graph type: grid, num_layer: 4, hidden: 128
Epoch: 770/3000, train loss: 0.049628, graph type: grid, num_layer: 4, hidden: 128
Epoch: 780/3000, train loss: 0.028118, graph type: grid, num_layer: 4, hidden: 128
Epoch: 790/3000, train loss: 0.043531, graph type: grid, num_layer: 4, hidden: 128
Epoch: 800/3000, train loss: 0.029488, graph type: grid, num_layer: 4, hidden: 128
test done, graphs saved
Epoch: 810/3000, train loss: 0.046422, graph type: grid, num_layer: 4, hidden: 128
Epoch: 820/3000, train loss: 0.059204, graph type: grid, num_layer: 4, hidden: 128
Epoch: 830/3000, train loss: 0.031553, graph type: grid, num_layer: 4, hidden: 128
Epoch: 840/3000, train loss: 0.044119, graph type: grid, num_layer: 4, hidden: 128
Epoch: 850/3000, train loss: 0.047739, graph type: grid, num_layer: 4, hidden: 128
Epoch: 860/3000, train loss: 0.051146, graph type: grid, num_layer: 4, hidden: 128
Epoch: 870/3000, train loss: 0.051204, graph type: grid, num_layer: 4, hidden: 128
Epoch: 880/3000, train loss: 0.058060, graph type: grid, num_layer: 4, hidden: 128
Epoch: 890/3000, train loss: 0.060606, graph type: grid, num_layer: 4, hidden: 128
Epoch: 900/3000, train loss: 0.056695, graph type: grid, num_layer: 4, hidden: 128
test done, graphs saved
Epoch: 910/3000, train loss: 0.050992, graph type: grid, num_layer: 4, hidden: 128
Epoch: 920/3000, train loss: 0.027266, graph type: grid, num_layer: 4, hidden: 128
Epoch: 930/3000, train loss: 0.034309, graph type: grid, num_layer: 4, hidden: 128
Epoch: 940/3000, train loss: 0.030075, graph type: grid, num_layer: 4, hidden: 128
Epoch: 950/3000, train loss: 0.058403, graph type: grid, num_layer: 4, hidden: 128
Epoch: 960/3000, train loss: 0.058905, graph type: grid, num_layer: 4, hidden: 128
Epoch: 970/3000, train loss: 0.053652, graph type: grid, num_layer: 4, hidden: 128
Epoch: 980/3000, train loss: 0.039038, graph type: grid, num_layer: 4, hidden: 128
Epoch: 990/3000, train loss: 0.023941, graph type: grid, num_layer: 4, hidden: 128
Epoch: 1000/3000, train loss: 0.037481, graph type: grid, num_layer: 4, hidden: 128
test done, graphs saved
Epoch: 1010/3000, train loss: 0.032953, graph type: grid, num_layer: 4, hidden: 128
Epoch: 1020/3000, train loss: 0.031105, graph type: grid, num_layer: 4, hidden: 128
Epoch: 1030/3000, train loss: 0.058840, graph type: grid, num_layer: 4, hidden: 128
Epoch: 1040/3000, train loss: 0.055540, graph type: grid, num_layer: 4, hidden: 128
Epoch: 1050/3000, train loss: 0.055571, graph type: grid, num_layer: 4, hidden: 128
Epoch: 1060/3000, train loss: 0.053065, graph type: grid, num_layer: 4, hidden: 128
Epoch: 1070/3000, train loss: 0.054458, graph type: grid, num_layer: 4, hidden: 128
Epoch: 1080/3000, train loss: 0.027315, graph type: grid, num_layer: 4, hidden: 128
Epoch: 1090/3000, train loss: 0.063792, graph type: grid, num_layer: 4, hidden: 128
Epoch: 1100/3000, train loss: 0.066634, graph type: grid, num_layer: 4, hidden: 128
test done, graphs saved
Epoch: 1110/3000, train loss: 0.071358, graph type: grid, num_layer: 4, hidden: 128
Epoch: 1120/3000, train loss: 0.065408, graph type: grid, num_layer: 4, hidden: 128
Epoch: 1130/3000, train loss: 0.039354, graph type: grid, num_layer: 4, hidden: 128
Epoch: 1140/3000, train loss: 0.026361, graph type: grid, num_layer: 4, hidden: 128
Epoch: 1150/3000, train loss: 0.058430, graph type: grid, num_layer: 4, hidden: 128
Epoch: 1160/3000, train loss: 0.043742, graph type: grid, num_layer: 4, hidden: 128
Epoch: 1170/3000, train loss: 0.059177, graph type: grid, num_layer: 4, hidden: 128
Epoch: 1180/3000, train loss: 0.058835, graph type: grid, num_layer: 4, hidden: 128
Epoch: 1190/3000, train loss: 0.061635, graph type: grid, num_layer: 4, hidden: 128
Epoch: 1200/3000, train loss: 0.029138, graph type: grid, num_layer: 4, hidden: 128
test done, graphs saved
Epoch: 1210/3000, train loss: 0.052296, graph type: grid, num_layer: 4, hidden: 128
Epoch: 1220/3000, train loss: 0.037318, graph type: grid, num_layer: 4, hidden: 128
Epoch: 1230/3000, train loss: 0.045215, graph type: grid, num_layer: 4, hidden: 128
Epoch: 1240/3000, train loss: 0.047596, graph type: grid, num_layer: 4, hidden: 128
Epoch: 1250/3000, train loss: 0.038099, graph type: grid, num_layer: 4, hidden: 128
Epoch: 1260/3000, train loss: 0.039284, graph type: grid, num_layer: 4, hidden: 128
Epoch: 1270/3000, train loss: 0.050469, graph type: grid, num_layer: 4, hidden: 128
Epoch: 1280/3000, train loss: 0.052561, graph type: grid, num_layer: 4, hidden: 128
Epoch: 1290/3000, train loss: 0.030829, graph type: grid, num_layer: 4, hidden: 128
Epoch: 1300/3000, train loss: 0.059237, graph type: grid, num_layer: 4, hidden: 128
test done, graphs saved
Epoch: 1310/3000, train loss: 0.057878, graph type: grid, num_layer: 4, hidden: 128
Epoch: 1320/3000, train loss: 0.037102, graph type: grid, num_layer: 4, hidden: 128
Epoch: 1330/3000, train loss: 0.048047, graph type: grid, num_layer: 4, hidden: 128
Epoch: 1340/3000, train loss: 0.037603, graph type: grid, num_layer: 4, hidden: 128
Epoch: 1350/3000, train loss: 0.043462, graph type: grid, num_layer: 4, hidden: 128
Epoch: 1360/3000, train loss: 0.031341, graph type: grid, num_layer: 4, hidden: 128
Epoch: 1370/3000, train loss: 0.026469, graph type: grid, num_layer: 4, hidden: 128
Epoch: 1380/3000, train loss: 0.048499, graph type: grid, num_layer: 4, hidden: 128
Epoch: 1390/3000, train loss: 0.065871, graph type: grid, num_layer: 4, hidden: 128
Epoch: 1400/3000, train loss: 0.025572, graph type: grid, num_layer: 4, hidden: 128
test done, graphs saved
Epoch: 1410/3000, train loss: 0.039152, graph type: grid, num_layer: 4, hidden: 128
Epoch: 1420/3000, train loss: 0.041520, graph type: grid, num_layer: 4, hidden: 128
Epoch: 1430/3000, train loss: 0.055730, graph type: grid, num_layer: 4, hidden: 128
Epoch: 1440/3000, train loss: 0.025233, graph type: grid, num_layer: 4, hidden: 128
Epoch: 1450/3000, train loss: 0.055495, graph type: grid, num_layer: 4, hidden: 128
Epoch: 1460/3000, train loss: 0.055516, graph type: grid, num_layer: 4, hidden: 128
Epoch: 1470/3000, train loss: 0.055924, graph type: grid, num_layer: 4, hidden: 128
Epoch: 1480/3000, train loss: 0.057803, graph type: grid, num_layer: 4, hidden: 128
Epoch: 1490/3000, train loss: 0.035663, graph type: grid, num_layer: 4, hidden: 128
Epoch: 1500/3000, train loss: 0.047272, graph type: grid, num_layer: 4, hidden: 128
test done, graphs saved
Epoch: 1510/3000, train loss: 0.025254, graph type: grid, num_layer: 4, hidden: 128
Epoch: 1520/3000, train loss: 0.025215, graph type: grid, num_layer: 4, hidden: 128
Epoch: 1530/3000, train loss: 0.053817, graph type: grid, num_layer: 4, hidden: 128
Epoch: 1540/3000, train loss: 0.043616, graph type: grid, num_layer: 4, hidden: 128
Epoch: 1550/3000, train loss: 0.059339, graph type: grid, num_layer: 4, hidden: 128
Epoch: 1560/3000, train loss: 0.047263, graph type: grid, num_layer: 4, hidden: 128
Epoch: 1570/3000, train loss: 0.065051, graph type: grid, num_layer: 4, hidden: 128
Epoch: 1580/3000, train loss: 0.046297, graph type: grid, num_layer: 4, hidden: 128
Epoch: 1590/3000, train loss: 0.052388, graph type: grid, num_layer: 4, hidden: 128
Epoch: 1600/3000, train loss: 0.051179, graph type: grid, num_layer: 4, hidden: 128
test done, graphs saved
Epoch: 1610/3000, train loss: 0.051632, graph type: grid, num_layer: 4, hidden: 128
Epoch: 1620/3000, train loss: 0.068338, graph type: grid, num_layer: 4, hidden: 128
Epoch: 1630/3000, train loss: 0.051005, graph type: grid, num_layer: 4, hidden: 128
Epoch: 1640/3000, train loss: 0.054721, graph type: grid, num_layer: 4, hidden: 128
Epoch: 1650/3000, train loss: 0.042732, graph type: grid, num_layer: 4, hidden: 128
Epoch: 1660/3000, train loss: 0.025098, graph type: grid, num_layer: 4, hidden: 128
Epoch: 1670/3000, train loss: 0.048838, graph type: grid, num_layer: 4, hidden: 128
Epoch: 1680/3000, train loss: 0.049546, graph type: grid, num_layer: 4, hidden: 128
Epoch: 1690/3000, train loss: 0.057033, graph type: grid, num_layer: 4, hidden: 128
Epoch: 1700/3000, train loss: 0.026818, graph type: grid, num_layer: 4, hidden: 128
test done, graphs saved
Epoch: 1710/3000, train loss: 0.053031, graph type: grid, num_layer: 4, hidden: 128
Epoch: 1720/3000, train loss: 0.049928, graph type: grid, num_layer: 4, hidden: 128
Epoch: 1730/3000, train loss: 0.051648, graph type: grid, num_layer: 4, hidden: 128
Epoch: 1740/3000, train loss: 0.062157, graph type: grid, num_layer: 4, hidden: 128
Epoch: 1750/3000, train loss: 0.062610, graph type: grid, num_layer: 4, hidden: 128
Epoch: 1760/3000, train loss: 0.057912, graph type: grid, num_layer: 4, hidden: 128
Epoch: 1770/3000, train loss: 0.024934, graph type: grid, num_layer: 4, hidden: 128
Epoch: 1780/3000, train loss: 0.027615, graph type: grid, num_layer: 4, hidden: 128
Epoch: 1790/3000, train loss: 0.049059, graph type: grid, num_layer: 4, hidden: 128
Epoch: 1800/3000, train loss: 0.033128, graph type: grid, num_layer: 4, hidden: 128
test done, graphs saved
Epoch: 1810/3000, train loss: 0.049889, graph type: grid, num_layer: 4, hidden: 128
Epoch: 1820/3000, train loss: 0.056556, graph type: grid, num_layer: 4, hidden: 128
Epoch: 1830/3000, train loss: 0.050324, graph type: grid, num_layer: 4, hidden: 128
Epoch: 1840/3000, train loss: 0.041721, graph type: grid, num_layer: 4, hidden: 128
Epoch: 1850/3000, train loss: 0.046790, graph type: grid, num_layer: 4, hidden: 128
Epoch: 1860/3000, train loss: 0.057465, graph type: grid, num_layer: 4, hidden: 128
Epoch: 1870/3000, train loss: 0.050557, graph type: grid, num_layer: 4, hidden: 128
Epoch: 1880/3000, train loss: 0.053812, graph type: grid, num_layer: 4, hidden: 128
Epoch: 1890/3000, train loss: 0.022653, graph type: grid, num_layer: 4, hidden: 128
Epoch: 1900/3000, train loss: 0.055594, graph type: grid, num_layer: 4, hidden: 128
test done, graphs saved
Epoch: 1910/3000, train loss: 0.036665, graph type: grid, num_layer: 4, hidden: 128
Epoch: 1920/3000, train loss: 0.052926, graph type: grid, num_layer: 4, hidden: 128
Epoch: 1930/3000, train loss: 0.024439, graph type: grid, num_layer: 4, hidden: 128
Epoch: 1940/3000, train loss: 0.041363, graph type: grid, num_layer: 4, hidden: 128
Epoch: 1950/3000, train loss: 0.057216, graph type: grid, num_layer: 4, hidden: 128
Epoch: 1960/3000, train loss: 0.022862, graph type: grid, num_layer: 4, hidden: 128
Epoch: 1970/3000, train loss: 0.052569, graph type: grid, num_layer: 4, hidden: 128
Epoch: 1980/3000, train loss: 0.054095, graph type: grid, num_layer: 4, hidden: 128
Epoch: 1990/3000, train loss: 0.052402, graph type: grid, num_layer: 4, hidden: 128
Epoch: 2000/3000, train loss: 0.045824, graph type: grid, num_layer: 4, hidden: 128
test done, graphs saved
Epoch: 2010/3000, train loss: 0.052539, graph type: grid, num_layer: 4, hidden: 128
Epoch: 2020/3000, train loss: 0.058785, graph type: grid, num_layer: 4, hidden: 128
Epoch: 2030/3000, train loss: 0.030696, graph type: grid, num_layer: 4, hidden: 128
Epoch: 2040/3000, train loss: 0.045122, graph type: grid, num_layer: 4, hidden: 128
Epoch: 2050/3000, train loss: 0.028627, graph type: grid, num_layer: 4, hidden: 128
Epoch: 2060/3000, train loss: 0.027127, graph type: grid, num_layer: 4, hidden: 128
Epoch: 2070/3000, train loss: 0.026296, graph type: grid, num_layer: 4, hidden: 128
Epoch: 2080/3000, train loss: 0.029349, graph type: grid, num_layer: 4, hidden: 128
Epoch: 2090/3000, train loss: 0.051176, graph type: grid, num_layer: 4, hidden: 128
Epoch: 2100/3000, train loss: 0.026085, graph type: grid, num_layer: 4, hidden: 128
test done, graphs saved
Epoch: 2110/3000, train loss: 0.043373, graph type: grid, num_layer: 4, hidden: 128
Epoch: 2120/3000, train loss: 0.055280, graph type: grid, num_layer: 4, hidden: 128
Epoch: 2130/3000, train loss: 0.063920, graph type: grid, num_layer: 4, hidden: 128
Epoch: 2140/3000, train loss: 0.049533, graph type: grid, num_layer: 4, hidden: 128
Epoch: 2150/3000, train loss: 0.027292, graph type: grid, num_layer: 4, hidden: 128
Epoch: 2160/3000, train loss: 0.048010, graph type: grid, num_layer: 4, hidden: 128
Epoch: 2170/3000, train loss: 0.033273, graph type: grid, num_layer: 4, hidden: 128
Epoch: 2180/3000, train loss: 0.071556, graph type: grid, num_layer: 4, hidden: 128
Epoch: 2190/3000, train loss: 0.053559, graph type: grid, num_layer: 4, hidden: 128
Epoch: 2200/3000, train loss: 0.033887, graph type: grid, num_layer: 4, hidden: 128
test done, graphs saved
Epoch: 2210/3000, train loss: 0.055356, graph type: grid, num_layer: 4, hidden: 128
Epoch: 2220/3000, train loss: 0.046859, graph type: grid, num_layer: 4, hidden: 128
Epoch: 2230/3000, train loss: 0.048031, graph type: grid, num_layer: 4, hidden: 128
Epoch: 2240/3000, train loss: 0.035957, graph type: grid, num_layer: 4, hidden: 128
Epoch: 2250/3000, train loss: 0.037650, graph type: grid, num_layer: 4, hidden: 128
Epoch: 2260/3000, train loss: 0.034096, graph type: grid, num_layer: 4, hidden: 128
Epoch: 2270/3000, train loss: 0.052742, graph type: grid, num_layer: 4, hidden: 128
Epoch: 2280/3000, train loss: 0.049934, graph type: grid, num_layer: 4, hidden: 128
Epoch: 2290/3000, train loss: 0.040799, graph type: grid, num_layer: 4, hidden: 128
Epoch: 2300/3000, train loss: 0.051090, graph type: grid, num_layer: 4, hidden: 128
test done, graphs saved
Epoch: 2310/3000, train loss: 0.049759, graph type: grid, num_layer: 4, hidden: 128
Epoch: 2320/3000, train loss: 0.061476, graph type: grid, num_layer: 4, hidden: 128
Epoch: 2330/3000, train loss: 0.035377, graph type: grid, num_layer: 4, hidden: 128
Epoch: 2340/3000, train loss: 0.050927, graph type: grid, num_layer: 4, hidden: 128
Epoch: 2350/3000, train loss: 0.051439, graph type: grid, num_layer: 4, hidden: 128
Epoch: 2360/3000, train loss: 0.056491, graph type: grid, num_layer: 4, hidden: 128
Epoch: 2370/3000, train loss: 0.034139, graph type: grid, num_layer: 4, hidden: 128
Epoch: 2380/3000, train loss: 0.054040, graph type: grid, num_layer: 4, hidden: 128
Epoch: 2390/3000, train loss: 0.051756, graph type: grid, num_layer: 4, hidden: 128
Epoch: 2400/3000, train loss: 0.036369, graph type: grid, num_layer: 4, hidden: 128
test done, graphs saved
Epoch: 2410/3000, train loss: 0.046789, graph type: grid, num_layer: 4, hidden: 128
Epoch: 2420/3000, train loss: 0.046610, graph type: grid, num_layer: 4, hidden: 128
Epoch: 2430/3000, train loss: 0.054412, graph type: grid, num_layer: 4, hidden: 128
Epoch: 2440/3000, train loss: 0.044390, graph type: grid, num_layer: 4, hidden: 128
Epoch: 2450/3000, train loss: 0.055115, graph type: grid, num_layer: 4, hidden: 128
Epoch: 2460/3000, train loss: 0.051268, graph type: grid, num_layer: 4, hidden: 128
Epoch: 2470/3000, train loss: 0.052033, graph type: grid, num_layer: 4, hidden: 128
Epoch: 2480/3000, train loss: 0.033719, graph type: grid, num_layer: 4, hidden: 128
Epoch: 2490/3000, train loss: 0.043922, graph type: grid, num_layer: 4, hidden: 128
Epoch: 2500/3000, train loss: 0.026887, graph type: grid, num_layer: 4, hidden: 128
test done, graphs saved
Epoch: 2510/3000, train loss: 0.055534, graph type: grid, num_layer: 4, hidden: 128
Epoch: 2520/3000, train loss: 0.046365, graph type: grid, num_layer: 4, hidden: 128
Epoch: 2530/3000, train loss: 0.052862, graph type: grid, num_layer: 4, hidden: 128
Epoch: 2540/3000, train loss: 0.055590, graph type: grid, num_layer: 4, hidden: 128
Epoch: 2550/3000, train loss: 0.048051, graph type: grid, num_layer: 4, hidden: 128
Epoch: 2560/3000, train loss: 0.026648, graph type: grid, num_layer: 4, hidden: 128
Epoch: 2570/3000, train loss: 0.025911, graph type: grid, num_layer: 4, hidden: 128
Epoch: 2580/3000, train loss: 0.032376, graph type: grid, num_layer: 4, hidden: 128
Epoch: 2590/3000, train loss: 0.062783, graph type: grid, num_layer: 4, hidden: 128
Epoch: 2600/3000, train loss: 0.059826, graph type: grid, num_layer: 4, hidden: 128
test done, graphs saved
Epoch: 2610/3000, train loss: 0.023416, graph type: grid, num_layer: 4, hidden: 128
Epoch: 2620/3000, train loss: 0.051315, graph type: grid, num_layer: 4, hidden: 128
Epoch: 2630/3000, train loss: 0.055724, graph type: grid, num_layer: 4, hidden: 128
Epoch: 2640/3000, train loss: 0.054533, graph type: grid, num_layer: 4, hidden: 128
Epoch: 2650/3000, train loss: 0.025033, graph type: grid, num_layer: 4, hidden: 128
Epoch: 2660/3000, train loss: 0.055423, graph type: grid, num_layer: 4, hidden: 128
Epoch: 2670/3000, train loss: 0.039367, graph type: grid, num_layer: 4, hidden: 128
Epoch: 2680/3000, train loss: 0.041414, graph type: grid, num_layer: 4, hidden: 128
Epoch: 2690/3000, train loss: 0.058818, graph type: grid, num_layer: 4, hidden: 128
Epoch: 2700/3000, train loss: 0.023039, graph type: grid, num_layer: 4, hidden: 128
test done, graphs saved
Epoch: 2710/3000, train loss: 0.028887, graph type: grid, num_layer: 4, hidden: 128
Epoch: 2720/3000, train loss: 0.038565, graph type: grid, num_layer: 4, hidden: 128
Epoch: 2730/3000, train loss: 0.045153, graph type: grid, num_layer: 4, hidden: 128
Epoch: 2740/3000, train loss: 0.061677, graph type: grid, num_layer: 4, hidden: 128
Epoch: 2750/3000, train loss: 0.045310, graph type: grid, num_layer: 4, hidden: 128
Epoch: 2760/3000, train loss: 0.056531, graph type: grid, num_layer: 4, hidden: 128
Epoch: 2770/3000, train loss: 0.048720, graph type: grid, num_layer: 4, hidden: 128
Epoch: 2780/3000, train loss: 0.049237, graph type: grid, num_layer: 4, hidden: 128
Epoch: 2790/3000, train loss: 0.047503, graph type: grid, num_layer: 4, hidden: 128
Epoch: 2800/3000, train loss: 0.040372, graph type: grid, num_layer: 4, hidden: 128
test done, graphs saved
Epoch: 2810/3000, train loss: 0.047397, graph type: grid, num_layer: 4, hidden: 128
Epoch: 2820/3000, train loss: 0.043711, graph type: grid, num_layer: 4, hidden: 128
Epoch: 2830/3000, train loss: 0.020653, graph type: grid, num_layer: 4, hidden: 128
Epoch: 2840/3000, train loss: 0.035512, graph type: grid, num_layer: 4, hidden: 128
Epoch: 2850/3000, train loss: 0.053460, graph type: grid, num_layer: 4, hidden: 128
Epoch: 2860/3000, train loss: 0.053049, graph type: grid, num_layer: 4, hidden: 128
Epoch: 2870/3000, train loss: 0.055854, graph type: grid, num_layer: 4, hidden: 128
Epoch: 2880/3000, train loss: 0.027791, graph type: grid, num_layer: 4, hidden: 128
Epoch: 2890/3000, train loss: 0.054565, graph type: grid, num_layer: 4, hidden: 128
Epoch: 2900/3000, train loss: 0.066920, graph type: grid, num_layer: 4, hidden: 128
test done, graphs saved
Epoch: 2910/3000, train loss: 0.055362, graph type: grid, num_layer: 4, hidden: 128
Epoch: 2920/3000, train loss: 0.047264, graph type: grid, num_layer: 4, hidden: 128
Epoch: 2930/3000, train loss: 0.060615, graph type: grid, num_layer: 4, hidden: 128
Epoch: 2940/3000, train loss: 0.045003, graph type: grid, num_layer: 4, hidden: 128
Epoch: 2950/3000, train loss: 0.043356, graph type: grid, num_layer: 4, hidden: 128
Epoch: 2960/3000, train loss: 0.027907, graph type: grid, num_layer: 4, hidden: 128
Epoch: 2970/3000, train loss: 0.036764, graph type: grid, num_layer: 4, hidden: 128
Epoch: 2980/3000, train loss: 0.025961, graph type: grid, num_layer: 4, hidden: 128
Epoch: 2990/3000, train loss: 0.028492, graph type: grid, num_layer: 4, hidden: 128
Epoch: 3000/3000, train loss: 0.025529, graph type: grid, num_layer: 4, hidden: 128
test done, graphs saved
